V |                      | ArgumentsFromParametersFile.OnBuildCreated (150)
V |                      | Passing value for <unresolved> (dotnet.sln)
V |                      | HandleReSharperSurrogateArguments.OnBuildCreated (150)
V |                      | InjectParameterValues.OnBuildCreated (100)
V |                      | HandleShellCompletion.OnBuildCreated (75)
V |                      | GenerateBuildServerConfigurations.OnBuildCreated (50)
V |                      | InvokeBuildServerConfigurationGeneration.OnBuildCreated (45)
V |                      | UpdateNotification.OnBuildCreated (10)
V |                      | UnsetVisualStudioEnvironmentVariables.OnBuildCreated (0)
V |                      | HandleVisualStudioDebugging.OnBuildCreated (0)
V |                      | EventInvoker.OnBuildCreated (-3.4028235E+38)
V |                      | HandlePlanRequests.OnBuildInitialized (10)
V |                      | HandleHelpRequests.OnBuildInitialized (5)
V |                      | Telemetry.OnBuildInitialized (0)
V |                      | Sending BuildStarted telemetry event ...
V |                      |   build_components         = 
V |                      |   build_type               = Project
V |                      |   compile_time             = <null>
V |                      |   config_generators        = 
V |                      |   host                     = Terminal
V |                      |   num_custom_components    = 0
V |                      |   num_custom_extensions    = 0
V |                      |   num_partitioned_targets  = 0
V |                      |   num_secrets              = 0
V |                      |   num_targets              = 4
V |                      |   os_architecture          = X64
V |                      |   os_platform              = Linux
V |                      |   target_framework         = .NETCoreApp,Version=v8.0
V |                      |   version_dotnet_sdk       = 8.0.100
V |                      |   version_nuke_common      = 7.0.6
V |                      |   version_nuke_global_tool = <null>
V |                      | InjectNonParameterValues.OnBuildInitialized (-100)
V |                      | EventInvoker.OnBuildInitialized (-3.4028235E+38)
V | CounterPro           | EventInvoker.OnTargetRunning (-3.4028235E+38)
E | CounterPro           | Target CounterPro has thrown an exception
System.NotSupportedException: BinaryFormatter serialization and deserialization are disabled within this application. See https://aka.ms/binaryformatter for more information.
   at System.Runtime.Serialization.Formatters.Binary.BinaryFormatter.Serialize(Stream serializationStream, Object graph)
   at Nuke.Common.Tooling.SettingsEntityExtensions.NewInstance[T](T settingsEntity) in /_/source/Nuke.Tooling/SettingsEntity.NewInstance.cs:line 23
   at Nuke.Common.Tools.Docker.DockerBuildSettingsExtensions.SetFile[T](T toolSettings, String file) in /_/source/Nuke.Common/Tools/Docker/Docker.Generated.cs:line 81379
   at Build.<get_CounterPro>b__11_2(DockerBuildSettings s) in /mnt/c/Arafath/Dev/dotnet/build/Build.cs:line 52
   at Nuke.Common.Tools.Docker.DockerTasks.DockerBuild(Configure`1 configurator) in /_/source/Nuke.Common/Tools/Docker/Docker.Generated.cs:line 12388
   at Build.<get_CounterPro>b__11_1() in /mnt/c/Arafath/Dev/dotnet/build/Build.cs:line 52
   at Nuke.Common.Execution.BuildExecutor.<>c.<Execute>b__4_2(Action x) in /_/source/Nuke.Build/Execution/BuildExecutor.cs:line 119
   at System.Collections.Generic.List`1.ForEach(Action`1 action)
   at Nuke.Common.Execution.BuildExecutor.Execute(NukeBuild build, ExecutableTarget target, IReadOnlyCollection`1 previouslyExecutedTargets, Boolean failureMode) in /_/source/Nuke.Build/Execution/BuildExecutor.cs:line 119
V | CounterPro           | EventInvoker.OnTargetFailed (-3.4028235E+38)
