00:01:49.637 | V |                      | ArgumentsFromParametersFile.OnBuildCreated (150)
00:01:49.688 | V |                      | Passing value for <unresolved> (dotnet.sln)
00:01:49.702 | V |                      | HandleReSharperSurrogateArguments.OnBuildCreated (150)
00:01:49.705 | V |                      | InjectParameterValues.OnBuildCreated (100)
00:01:49.712 | V |                      | HandleShellCompletion.OnBuildCreated (75)
00:01:49.830 | V |                      | GenerateBuildServerConfigurations.OnBuildCreated (50)
00:01:49.831 | V |                      | InvokeBuildServerConfigurationGeneration.OnBuildCreated (45)
00:01:49.844 | V |                      | UpdateNotification.OnBuildCreated (10)
00:01:49.855 | V |                      | UnsetVisualStudioEnvironmentVariables.OnBuildCreated (0)
00:01:49.857 | V |                      | HandleVisualStudioDebugging.OnBuildCreated (0)
00:01:49.858 | V |                      | EventInvoker.OnBuildCreated (-3.4028235E+38)
00:01:49.914 | V |                      | HandlePlanRequests.OnBuildInitialized (10)
00:01:49.914 | V |                      | HandleHelpRequests.OnBuildInitialized (5)
00:01:49.915 | V |                      | Telemetry.OnBuildInitialized (0)
00:01:50.864 | V |                      | Sending BuildStarted telemetry event ...
00:01:50.867 | V |                      |   build_components         = 
00:01:50.867 | V |                      |   build_type               = Project
00:01:50.868 | V |                      |   compile_time             = <null>
00:01:50.868 | V |                      |   config_generators        = 
00:01:50.868 | V |                      |   host                     = Terminal
00:01:50.869 | V |                      |   num_custom_components    = 0
00:01:50.869 | V |                      |   num_custom_extensions    = 0
00:01:50.870 | V |                      |   num_partitioned_targets  = 0
00:01:50.870 | V |                      |   num_secrets              = 0
00:01:50.871 | V |                      |   num_targets              = 4
00:01:50.871 | V |                      |   os_architecture          = X64
00:01:50.872 | V |                      |   os_platform              = Linux
00:01:50.872 | V |                      |   target_framework         = .NETCoreApp,Version=v8.0
00:01:50.872 | V |                      |   version_dotnet_sdk       = 8.0.100
00:01:50.873 | V |                      |   version_nuke_common      = 7.0.6
00:01:50.873 | V |                      |   version_nuke_global_tool = <null>
00:01:51.985 | V |                      | InjectNonParameterValues.OnBuildInitialized (-100)
00:01:51.987 | V |                      | EventInvoker.OnBuildInitialized (-3.4028235E+38)
00:01:52.003 | V | CounterPro           | EventInvoker.OnTargetRunning (-3.4028235E+38)
00:01:52.056 | I | CounterPro           | > /usr/bin/docker build --file ./src/projectA/Dockerfile --tag counter-image .
00:01:52.062 | I | CounterPro           | @ .
00:01:52.175 | E | CounterPro           | ERROR: Cannot connect to the Docker daemon at unix:///var/run/docker.sock. Is the docker daemon running?
00:01:52.190 | E | CounterPro           | Target CounterPro has thrown an exception
Nuke.Common.Tooling.ProcessException: Process 'docker' exited with code 1.
   > /usr/bin/docker build --file ./src/projectA/Dockerfile --tag counter-image .
   @ .
Error output:
   ERROR: Cannot connect to the Docker daemon at unix:///var/run/docker.sock. Is the docker daemon running?

   at Nuke.Common.Tooling.ProcessExtensions.AssertZeroExitCode(IProcess process) in /_/source/Nuke.Tooling/ProcessExtensions.cs:line 39
   at Nuke.Common.Tooling.ProcessTasks.DefaultExitHandler(ToolSettings toolSettings, IProcess process) in /_/source/Nuke.Tooling/ProcessTasks.cs:line 257
   at Nuke.Common.Tools.Docker.DockerTasks.DockerBuild(DockerBuildSettings toolSettings) in /_/source/Nuke.Common/Tools/Docker/Docker.Generated.cs:line 12337
   at Nuke.Common.Tools.Docker.DockerTasks.DockerBuild(Configure`1 configurator) in /_/source/Nuke.Common/Tools/Docker/Docker.Generated.cs:line 12388
   at Build.<>c.<get_CounterPro>b__9_1() in /mnt/c/Arafath/Dev/dotnet/build/Build.cs:line 52
   at Nuke.Common.Execution.BuildExecutor.<>c.<Execute>b__4_2(Action x) in /_/source/Nuke.Build/Execution/BuildExecutor.cs:line 119
   at System.Collections.Generic.List`1.ForEach(Action`1 action)
   at Nuke.Common.Execution.BuildExecutor.Execute(NukeBuild build, ExecutableTarget target, IReadOnlyCollection`1 previouslyExecutedTargets, Boolean failureMode) in /_/source/Nuke.Build/Execution/BuildExecutor.cs:line 119
00:01:52.222 | V | CounterPro           | EventInvoker.OnTargetFailed (-3.4028235E+38)
